<?xml version="1.0" encoding="UTF-8"?>
<coverage generated="1667544287394" clover="3.2.0">
  <project timestamp="1667544287394" name="All files">
    <metrics statements="8" coveredstatements="8" conditionals="8" coveredconditionals="8" methods="1" coveredmethods="1" elements="17" coveredelements="17" complexity="0" loc="8" ncloc="8" packages="1" files="1" classes="1"/>
    <file name="fizzbuzz.js" path="C:\xampp\htdocs\CodeKata\fizzbuzz.js">
      <metrics statements="8" coveredstatements="8" conditionals="8" coveredconditionals="8" methods="1" coveredmethods="1"/>
      <line num="2" count="20" type="cond" truecount="4" falsecount="0"/>
      <line num="3" count="5" type="stmt"/>
      <line num="6" count="15" type="cond" truecount="2" falsecount="0"/>
      <line num="7" count="5" type="stmt"/>
      <line num="10" count="10" type="cond" truecount="2" falsecount="0"/>
      <line num="11" count="5" type="stmt"/>
      <line num="14" count="5" type="stmt"/>
      <line num="18" count="1" type="stmt"/>
    </file>
  </project>
</coverage>
